2024-01-11 10:16:54,482 - CoverFoxInsurance -INFO - Clicking on Female Button
2024-01-11 10:16:55,764 - CoverFoxInsurance -INFO - Clicking on Next Button
2024-01-11 10:17:03,102 - CoverFoxInsurance -INFO - Clicking on Next Button
2024-01-11 10:17:04,215 - CoverFoxInsurance -INFO - Entering Pincode
2024-01-11 10:17:09,474 - CoverFoxInsurance -INFO - Entering Mobile Number
2024-01-11 10:17:10,685 - CoverFoxInsurance -INFO - Clicking on Continue Button
2024-01-11 11:04:44,530 - CoverFoxInsurance -INFO - Clicking on Female Button
2024-01-11 11:04:48,017 - CoverFoxInsurance -INFO - Clicking on Next Button
2024-01-11 11:04:59,212 - CoverFoxInsurance -INFO - Clicking on Next Button
2024-01-11 11:05:00,335 - CoverFoxInsurance -INFO - Entering Pincode
2024-01-11 11:05:05,933 - CoverFoxInsurance -INFO - Entering Mobile Number
2024-01-11 11:05:07,580 - CoverFoxInsurance -INFO - Clicking on Continue Button
2024-01-16 20:58:30,083 - CoverFoxInsurance -INFO - Clicking on Female Button
2024-01-16 20:58:32,767 - CoverFoxInsurance -INFO - Clicking on Next Button
2024-01-16 20:58:44,374 - CoverFoxInsurance -INFO - Clicking on Next Button
2024-01-16 20:58:46,048 - CoverFoxInsurance -INFO - Entering Pincode
2024-01-16 20:58:52,116 - CoverFoxInsurance -INFO - Entering Mobile Number
2024-01-16 20:58:56,129 - CoverFoxInsurance -INFO - Clicking on Continue Button
2024-01-16 23:40:43,548 - CoverFoxInsurance -INFO - Clicking on Female Button
2024-01-16 23:40:45,396 - CoverFoxInsurance -INFO - Clicking on Next Button
2024-01-16 23:40:54,405 - CoverFoxInsurance -INFO - Clicking on Next Button
2024-01-16 23:40:55,747 - CoverFoxInsurance -INFO - Entering Pincode
2024-01-16 23:41:00,056 - CoverFoxInsurance -INFO - Entering Mobile Number
2024-01-16 23:41:01,271 - CoverFoxInsurance -INFO - Clicking on Continue Button
2024-01-16 23:42:36,028 - CoverFoxInsurance -INFO - Clicking on Female Button
2024-01-16 23:42:37,253 - CoverFoxInsurance -INFO - Clicking on Next Button
2024-01-16 23:42:41,327 - CoverFoxInsurance -INFO - Clicking on Next Button
2024-01-16 23:42:42,453 - CoverFoxInsurance -INFO - Entering Pincode
2024-01-16 23:42:46,680 - CoverFoxInsurance -INFO - Entering Mobile Number
2024-01-16 23:42:47,898 - CoverFoxInsurance -INFO - Clicking on Continue Button
2024-01-17 23:13:59,446 - CoverFoxInsurance -INFO - Clicking on Female Button
2024-01-17 23:14:00,954 - CoverFoxInsurance -INFO - Clicking on Next Button
2024-01-17 23:14:06,955 - CoverFoxInsurance -INFO - Clicking on Next Button
2024-01-17 23:14:08,074 - CoverFoxInsurance -INFO - Entering Pincode
2024-01-17 23:14:12,733 - CoverFoxInsurance -INFO - Entering Mobile Number
2024-01-17 23:14:14,551 - CoverFoxInsurance -INFO - Clicking on Continue Button
