2024-01-11 10:16:54,482 [main] INFO CoverFoxInsurance - Clicking on Female Button
2024-01-11 10:16:55,764 [main] INFO CoverFoxInsurance - Clicking on Next Button
2024-01-11 10:17:03,102 [main] INFO CoverFoxInsurance - Clicking on Next Button
2024-01-11 10:17:04,215 [main] INFO CoverFoxInsurance - Entering Pincode
2024-01-11 10:17:09,474 [main] INFO CoverFoxInsurance - Entering Mobile Number
2024-01-11 10:17:10,685 [main] INFO CoverFoxInsurance - Clicking on Continue Button
2024-01-11 11:04:44,530 [main] INFO CoverFoxInsurance - Clicking on Female Button
2024-01-11 11:04:48,017 [main] INFO CoverFoxInsurance - Clicking on Next Button
2024-01-11 11:04:59,212 [main] INFO CoverFoxInsurance - Clicking on Next Button
2024-01-11 11:05:00,335 [main] INFO CoverFoxInsurance - Entering Pincode
2024-01-11 11:05:05,933 [main] INFO CoverFoxInsurance - Entering Mobile Number
2024-01-11 11:05:07,580 [main] INFO CoverFoxInsurance - Clicking on Continue Button
2024-01-16 20:58:30,083 [main] INFO CoverFoxInsurance - Clicking on Female Button
2024-01-16 20:58:32,767 [main] INFO CoverFoxInsurance - Clicking on Next Button
2024-01-16 20:58:44,374 [main] INFO CoverFoxInsurance - Clicking on Next Button
2024-01-16 20:58:46,048 [main] INFO CoverFoxInsurance - Entering Pincode
2024-01-16 20:58:52,116 [main] INFO CoverFoxInsurance - Entering Mobile Number
2024-01-16 20:58:56,129 [main] INFO CoverFoxInsurance - Clicking on Continue Button
2024-01-16 23:40:43,548 [main] INFO CoverFoxInsurance - Clicking on Female Button
2024-01-16 23:40:45,396 [main] INFO CoverFoxInsurance - Clicking on Next Button
2024-01-16 23:40:54,405 [main] INFO CoverFoxInsurance - Clicking on Next Button
2024-01-16 23:40:55,747 [main] INFO CoverFoxInsurance - Entering Pincode
2024-01-16 23:41:00,056 [main] INFO CoverFoxInsurance - Entering Mobile Number
2024-01-16 23:41:01,271 [main] INFO CoverFoxInsurance - Clicking on Continue Button
2024-01-16 23:42:36,028 [main] INFO CoverFoxInsurance - Clicking on Female Button
2024-01-16 23:42:37,253 [main] INFO CoverFoxInsurance - Clicking on Next Button
2024-01-16 23:42:41,327 [main] INFO CoverFoxInsurance - Clicking on Next Button
2024-01-16 23:42:42,453 [main] INFO CoverFoxInsurance - Entering Pincode
2024-01-16 23:42:46,680 [main] INFO CoverFoxInsurance - Entering Mobile Number
2024-01-16 23:42:47,898 [main] INFO CoverFoxInsurance - Clicking on Continue Button
2024-01-17 23:13:59,446 [main] INFO CoverFoxInsurance - Clicking on Female Button
2024-01-17 23:14:00,954 [main] INFO CoverFoxInsurance - Clicking on Next Button
2024-01-17 23:14:06,955 [main] INFO CoverFoxInsurance - Clicking on Next Button
2024-01-17 23:14:08,074 [main] INFO CoverFoxInsurance - Entering Pincode
2024-01-17 23:14:12,733 [main] INFO CoverFoxInsurance - Entering Mobile Number
2024-01-17 23:14:14,551 [main] INFO CoverFoxInsurance - Clicking on Continue Button
